18:35:13.625 skipping bootstrap configuration: could not find or read file: classpath:karate-config.js
18:26:24.651 request:
1 > POST https://restful-booker.herokuapp.com/auth
1 > Accept: application/json
1 > Accept-Encoding: gzip,deflate
1 > Connection: Keep-Alive
1 > Content-Length: 45
1 > Content-Type: application/json; charset=UTF-8
1 > Host: restful-booker.herokuapp.com
1 > User-Agent: Apache-HttpClient/4.5.12 (Java/11.0.7)
{"username":"admin","password":"password123"}

18:26:25.538 response time in milliseconds: 884.16
1 < 200
1 < Connection: keep-alive
1 < Content-Length: 27
1 < Content-Type: application/json; charset=utf-8
1 < Date: Tue, 05 Jan 2021 18:26:25 GMT
1 < Etag: W/"1b-lfd43lC5Vokr2F1VIXNFIz3twHs"
1 < Server: Cowboy
1 < Via: 1.1 vegur
1 < X-Powered-By: Express
{"token":"ac673b1b1829743"}

18:26:25.539 [print] {
  "token": "ac673b1b1829743"
}


]
15:18:32.886 request:
2 > PUT https://restful-booker.herokuapp.com/booking/5
2 > Accept-Encoding: gzip,deflate
2 > Connection: Keep-Alive
2 > Content-Length: 170
2 > Content-Type: application/json; charset=UTF-8
2 > Cookie: token=038db9f0ae12d9d
2 > Host: restful-booker.herokuapp.com
2 > User-Agent: Apache-HttpClient/4.5.12 (Java/11.0.7)
{"firstname":"James","lastname":"Brown","totalprice":111,"depositpaid":true,"bookingdates":{"checkin":"2018-01-01","checkout":"2019-01-01"},"additionalneeds":"Breakfast"}

15:18:34.409 response time in milliseconds: 1522.36
2 < 418
2 < Connection: keep-alive
2 < Content-Length: 12
2 < Content-Type: text/plain; charset=utf-8
2 < Date: Tue, 05 Jan 2021 15:18:34 GMT
2 < Etag: W/"c-MoOTQ9Zl5bv7AjXgAKmn0YHM8sY"
2 < Server: Cowboy
2 < Via: 1.1 vegur
2 < X-Powered-By: Express
I'm a teapot

15:18:34.409 status code was: 418, expected: 200, response time: 1522, url: https://restful-booker.herokuapp.com/booking/5, response: I'm a teapot
tionalneeds":"Breakfast"}

15:17:30.006 [print] {
  "firstname": "James",
  "additionalneeds": "Breakfast",
  "bookingdates": {
    "checkin": "2018-01-01",
    "checkout": "2019-01-01"
  },
  "totalprice": 111,
  "depositpaid": true,
  "lastname": "Brown"
}

tes.net
1 > User-Agent: Apache-HttpClient/4.5.12 (Java/11.0.7)
{"id":"27","userName":"berdem","password":"3456"}

15:11:36.648 response time in milliseconds: 402.07
1 < 200
1 < Content-Type: application/json; charset=utf-8; v=1.0
1 < Date: Tue, 05 Jan 2021 15:11:36 GMT
1 < Server: Kestrel
1 < Transfer-Encoding: chunked
1 < api-supported-versions: 1.0
{"id":27,"userName":"berdem","password":"3456"}

15:11:36.649 [print] {
  "password": "3456",
  "id": 27,
  "userName": "berdem"
}

< Content-Type: application/json; charset=utf-8
2 < Date: Tue, 05 Jan 2021 15:02:47 GMT
2 < ETag: W/"65ab5ef0fb80a32b1723c5368d8edb14"
2 < Expect-CT: enforce; max-age=3600
2 < Referrer-Policy: strict-origin-when-cross-origin
2 < Server: nginx
2 < Strict-Transport-Security: max-age=31536000; includeSubDomains
2 < Transfer-Encoding: chunked
2 < Vary: [Accept-Encoding, Origin]
2 < X-Content-Type-Options: nosniff
2 < X-Download-Options: noopen
2 < X-Frame-Options: [SAMEORIGIN, sameorigin]
2 < X-Permitted-Cross-Domain-Policies: none
2 < X-Request-Id: 736f5d04-17a8-4eea-934b-6fbea598a6d5
2 < X-Runtime: 0.002463
2 < X-XSS-Protection: 1; mode=block
{"code":401,"meta":null,"data":{"message":"Authentication failed"}}

15:02:47.624 [print] 
57:00.409 [print] 
edi","email":"vrund_trivedi@kautzer.name","gender":"Female","status":"Inactive","created_at":"2021-01-05T03:50:03.822+05:30","updated_at":"2021-01-05T03:50:03.822+05:30"},{"id":21,"name":"Chiranjeev Deshpande LLD","email":"chiranjeev_lld_deshpande@moen.io","gender":"Female","status":"Active","created_at":"2021-01-05T03:50:03.836+05:30","updated_at":"2021-01-05T03:50:03.836+05:30"},{"id":23,"name":"Drona Mahajan","email":"mahajan_drona@russel-schuster.name","gender":"Male","status":"Active","created_at":"2021-01-05T03:50:03.878+05:30","updated_at":"2021-01-05T03:50:03.878+05:30"},{"id":24,"name":"Tushar Dubashi","email":"dubashi_tushar@streich.net","gender":"Female","status":"Inactive","created_at":"2021-01-05T03:50:03.887+05:30","updated_at":"2021-01-05T03:50:03.887+05:30"},{"id":25,"name":"Deeptimoyee Naik","email":"deeptimoyee_naik@heathcote.co","gender":"Male","status":"Active","created_at":"2021-01-05T03:50:03.890+05:30","updated_at":"2021-01-05T03:50:03.890+05:30"},{"id":26,"name":"Washington Luis Cabral da Silva","email":"wluissilva@live.com","gender":"Male","status":"Active","created_at":"2021-01-05T03:50:03.896+05:30","updated_at":"2021-01-05T08:36:13.460+05:30"},{"id":27,"name":"Nimit Agarwal PhD","email":"agarwal_nimit_phd@bins.org","gender":"Male","status":"Inactive","created_at":"2021-01-05T03:50:03.915+05:30","updated_at":"2021-01-05T03:50:03.915+05:30"},{"id":28,"name":"Harit Malik II","email":"harit_malik_ii@monahan.name","gender":"Female","status":"Inactive","created_at":"2021-01-05T03:50:03.931+05:30","updated_at":"2021-01-05T03:50:03.931+05:30"},{"id":29,"name":"Chandi Verma Jr.","email":"chandi_jr_verma@feeney.name","gender":"Female","status":"Inactive","created_at":"2021-01-05T03:50:03.941+05:30","updated_at":"2021-01-05T03:50:03.941+05:30"},{"id":30,"name":"Ajit Kaul II","email":"ajit_ii_kaul@damore.org","gender":"Male","status":"Inactive","created_at":"2021-01-05T03:50:03.947+05:30","updated_at":"2021-01-05T03:50:03.947+05:30"}]}

10:44:20.720 [print] {
  "code": 200,
  "data": [
    {
      "gender": "Female",
      "updated_at": "2021-01-05T03:50:03.664+05:30",
      "name": "Gobinda Bandopadhyay",
      "created_at": "2021-01-05T03:50:03.664+05:30",
      "id": 9,
      "email": "gobinda_bandopadhyay@gorczany-stracke.co",
      "status": "Inactive"
    },
    {
      "gender": "Female",
      "updated_at": "2021-01-05T13:40:09.326+05:30",
      "name": "Devajyoti Gandhi",
      "created_at": "2021-01-05T03:50:03.686+05:30",
      "id": 10,
      "email": "devajyothi.gandhi123.com",
      "status": "Active"
    },
    {
      "gender": "Female",
      "updated_at": "2021-01-05T03:50:03.707+05:30",
      "name": "Ravi Devar I",
      "created_at": "2021-01-05T03:50:03.707+05:30",
      "id": 11,
      "email": "ravi_i_devar@larkin-robel.org",
      "status": "Inactive"
    },
    {
      "gender": "Female",
      "updated_at": "2021-01-05T03:50:03.724+05:30",
      "name": "Dwaipayana Jain",
      "created_at": "2021-01-05T03:50:03.724+05:30",
      "id": 12,
      "email": "jain_dwaipayana@smith.co",
      "status": "Active"
    },
    {
      "gender": "Male",
      "updated_at": "2021-01-05T03:50:03.740+05:30",
      "name": "Chandrakin Patil",
      "created_at": "2021-01-05T03:50:03.740+05:30",
      "id": 13,
      "email": "patil_chandrakin@farrell.org",
      "status": "Active"
    },
    {
      "gender": "Male",
      "updated_at": "2021-01-05T03:50:03.759+05:30",
      "name": "Bilva Nambeesan",
      "created_at": "2021-01-05T03:50:03.759+05:30",
      "id": 14,
      "email": "nambeesan_bilva@dubuque.co",
      "status": "Inactive"
    },
    {
      "gender": "Male",
      "updated_at": "2021-01-05T03:50:03.762+05:30",
      "name": "Deevakar Nambeesan",
      "created_at": "2021-01-05T03:50:03.762+05:30",
      "id": 15,
      "email": "nambeesan_deevakar@fahey-kris.com",
      "status": "Inactive"
    },
    {
      "gender": "Female",
      "updated_at": "2021-01-05T03:50:03.789+05:30",
      "name": "Geeta Chaturvedi",
      "created_at": "2021-01-05T03:50:03.789+05:30",
      "id": 17,
      "email": "geeta_chaturvedi@windler.name",
      "status": "Inactive"
    },
    {
      "gender": "Female",
      "updated_at": "2021-01-05T03:50:03.803+05:30",
      "name": "Aaratrika Bandopadhyay",
      "created_at": "2021-01-05T03:50:03.803+05:30",
      "id": 18,
      "email": "bandopadhyay_aaratrika@rogahn.biz",
      "status": "Active"
    },
    {
      "gender": "Female",
      "updated_at": "2021-01-05T03:50:03.814+05:30",
      "name": "Adhrit Saini",
      "created_at": "2021-01-05T03:50:03.814+05:30",
      "id": 19,
      "email": "adhrit_saini@prohaska-lockman.info",
      "status": "Inactive"
    },
    {
      "gender": "Female",
      "updated_at": "2021-01-05T03:50:03.822+05:30",
      "name": "Vrund Trivedi",
      "created_at": "2021-01-05T03:50:03.822+05:30",
      "id": 20,
      "email": "vrund_trivedi@kautzer.name",
      "status": "Inactive"
    },
    {
      "gender": "Female",
      "updated_at": "2021-01-05T03:50:03.836+05:30",
      "name": "Chiranjeev Deshpande LLD",
      "created_at": "2021-01-05T03:50:03.836+05:30",
      "id": 21,
      "email": "chiranjeev_lld_deshpande@moen.io",
      "status": "Active"
    },
    {
      "gender": "Male",
      "updated_at": "2021-01-05T03:50:03.878+05:30",
      "name": "Drona Mahajan",
      "created_at": "2021-01-05T03:50:03.878+05:30",
      "id": 23,
      "email": "mahajan_drona@russel-schuster.name",
      "status": "Active"
    },
    {
      "gender": "Female",
      "updated_at": "2021-01-05T03:50:03.887+05:30",
      "name": "Tushar Dubashi",
      "created_at": "2021-01-05T03:50:03.887+05:30",
      "id": 24,
      "email": "dubashi_tushar@streich.net",
      "status": "Inactive"
    },
    {
      "gender": "Male",
      "updated_at": "2021-01-05T03:50:03.890+05:30",
      "name": "Deeptimoyee Naik",
      "created_at": "2021-01-05T03:50:03.890+05:30",
      "id": 25,
      "email": "deeptimoyee_naik@heathcote.co",
      "status": "Active"
    },
    {
      "gender": "Male",
      "updated_at": "2021-01-05T08:36:13.460+05:30",
      "name": "Washington Luis Cabral da Silva",
      "created_at": "2021-01-05T03:50:03.896+05:30",
      "id": 26,
      "email": "wluissilva@live.com",
      "status": "Active"
    },
    {
      "gender": "Male",
      "updated_at": "2021-01-05T03:50:03.915+05:30",
      "name": "Nimit Agarwal PhD",
      "created_at": "2021-01-05T03:50:03.915+05:30",
      "id": 27,
      "email": "agarwal_nimit_phd@bins.org",
      "status": "Inactive"
    },
    {
      "gender": "Female",
      "updated_at": "2021-01-05T03:50:03.931+05:30",
      "name": "Harit Malik II",
      "created_at": "2021-01-05T03:50:03.931+05:30",
      "id": 28,
      "email": "harit_malik_ii@monahan.name",
      "status": "Inactive"
    },
    {
      "gender": "Female",
      "updated_at": "2021-01-05T03:50:03.941+05:30",
      "name": "Chandi Verma Jr.",
      "created_at": "2021-01-05T03:50:03.941+05:30",
      "id": 29,
      "email": "chandi_jr_verma@feeney.name",
      "status": "Inactive"
    },
    {
      "gender": "Male",
      "updated_at": "2021-01-05T03:50:03.947+05:30",
      "name": "Ajit Kaul II",
      "created_at": "2021-01-05T03:50:03.947+05:30",
      "id": 30,
      "email": "ajit_ii_kaul@damore.org",
      "status": "Inactive"
    }
  ],
  "meta": {
    "pagination": {
      "total": 1698,
      "pages": 85,
      "limit": 20,
      "page": 1
    }
  }
}

10:43:40.124 assertion failed: path: $.data[*].email[*], actual: ["gobinda_bandopadhyay@gorczany-stracke.co","devajyothi.gandhi123.com","ravi_i_devar@larkin-robel.org","jain_dwaipayana@smith.co","patil_chandrakin@farrell.org","nambeesan_bilva@dubuque.co","nambeesan_deevakar@fahey-kris.com","geeta_chaturvedi@windler.name","bandopadhyay_aaratrika@rogahn.biz","adhrit_saini@prohaska-lockman.info","vrund_trivedi@kautzer.name","chiranjeev_lld_deshpande@moen.io","mahajan_drona@russel-schuster.name","dubashi_tushar@streich.net","deeptimoyee_naik@heathcote.co","wluissilva@live.com","agarwal_nimit_phd@bins.org","harit_malik_ii@monahan.name","chandi_jr_verma@feeney.name","ajit_ii_kaul@damore.org"], expected: 'bilwa_ret_dubashi@dare-williamson.com', reason: actual value does not contain expected
,"ahuja_ritesh@considine.org"], expected: 'Palasdasdsdo@gmail.com', reason: actual value does not contain expected
